<?xml version="1.0" encoding="UTF-8"?>
<!-- Generated by org.testng.reporters.JUnitXMLReporter -->
<testsuite hostname="Admin-PC" ignored="0" name="Default test" tests="2" failures="0" timestamp="07 Aug 2019 17:12:38 GMT" time="0.037" errors="0">
  <testcase name="googleTitleText" time="0.007" classname="com.Features.TestNG.TestNGAnnotationsOrder$TestNGBasics"/>
  <testcase name="checkImage" time="0.003" classname="com.Features.TestNG.TestNGAnnotationsOrder$TestNGBasics"/>
</testsuite> <!-- Default test -->
