<?xml version="1.0" encoding="UTF-8"?>
<testng-results skipped="0" failed="0" ignored="0" total="1" passed="1">
  <reporter-output>
  </reporter-output>
  <suite name="Default suite" duration-ms="18006" started-at="2019-12-18T14:47:19Z" finished-at="2019-12-18T14:47:37Z">
    <groups>
    </groups>
    <test name="Default test" duration-ms="18006" started-at="2019-12-18T14:47:19Z" finished-at="2019-12-18T14:47:37Z">
      <class name="com.Features.TestNG.ListenersProgram">
        <test-method status="PASS" signature="facebookTitleVerify()[pri:0, instance:com.Features.TestNG.ListenersProgram@9629756]" name="facebookTitleVerify" duration-ms="17968" started-at="2019-12-18T20:17:19Z" finished-at="2019-12-18T20:17:37Z">
          <reporter-output>
          </reporter-output>
        </test-method> <!-- facebookTitleVerify -->
      </class> <!-- com.Features.TestNG.ListenersProgram -->
    </test> <!-- Default test -->
  </suite> <!-- Default suite -->
</testng-results>
