<?xml version="1.0" encoding="UTF-8"?>
<testng-results skipped="0" failed="0" ignored="0" total="2" passed="2">
  <reporter-output>
  </reporter-output>
  <suite name="Default suite" duration-ms="37" started-at="2019-08-07T17:12:38Z" finished-at="2019-08-07T17:12:38Z">
    <groups>
    </groups>
    <test name="Default test" duration-ms="37" started-at="2019-08-07T17:12:38Z" finished-at="2019-08-07T17:12:38Z">
      <class name="com.Features.TestNG.TestNGAnnotationsOrder$TestNGBasics">
        <test-method status="PASS" signature="setUp()[pri:0, instance:com.Features.TestNG.TestNGAnnotationsOrder$TestNGBasics@548a9f61]" name="setUp" is-config="true" duration-ms="41" started-at="2019-08-07T22:42:38Z" finished-at="2019-08-07T22:42:38Z">
          <reporter-output>
          </reporter-output>
        </test-method> <!-- setUp -->
        <test-method status="PASS" signature="login()[pri:0, instance:com.Features.TestNG.TestNGAnnotationsOrder$TestNGBasics@548a9f61]" name="login" is-config="true" duration-ms="1" started-at="2019-08-07T22:42:38Z" finished-at="2019-08-07T22:42:38Z">
          <reporter-output>
          </reporter-output>
        </test-method> <!-- login -->
        <test-method status="PASS" signature="launchBrowser()[pri:0, instance:com.Features.TestNG.TestNGAnnotationsOrder$TestNGBasics@548a9f61]" name="launchBrowser" is-config="true" duration-ms="1" started-at="2019-08-07T22:42:38Z" finished-at="2019-08-07T22:42:38Z">
          <reporter-output>
          </reporter-output>
        </test-method> <!-- launchBrowser -->
        <test-method status="PASS" signature="enterURL()[pri:0, instance:com.Features.TestNG.TestNGAnnotationsOrder$TestNGBasics@548a9f61]" name="enterURL" is-config="true" duration-ms="0" started-at="2019-08-07T22:42:38Z" finished-at="2019-08-07T22:42:38Z">
          <reporter-output>
          </reporter-output>
        </test-method> <!-- enterURL -->
        <test-method status="PASS" signature="googleTitleText()[pri:1, instance:com.Features.TestNG.TestNGAnnotationsOrder$TestNGBasics@548a9f61]" name="googleTitleText" duration-ms="7" started-at="2019-08-07T22:42:38Z" finished-at="2019-08-07T22:42:38Z">
          <reporter-output>
          </reporter-output>
        </test-method> <!-- googleTitleText -->
        <test-method status="PASS" signature="logOut()[pri:0, instance:com.Features.TestNG.TestNGAnnotationsOrder$TestNGBasics@548a9f61]" name="logOut" is-config="true" duration-ms="1" started-at="2019-08-07T22:42:38Z" finished-at="2019-08-07T22:42:38Z">
          <reporter-output>
          </reporter-output>
        </test-method> <!-- logOut -->
        <test-method status="PASS" signature="checkImage()[pri:2, instance:com.Features.TestNG.TestNGAnnotationsOrder$TestNGBasics@548a9f61]" name="checkImage" duration-ms="3" started-at="2019-08-07T22:42:38Z" finished-at="2019-08-07T22:42:38Z">
          <reporter-output>
          </reporter-output>
        </test-method> <!-- checkImage -->
        <test-method status="PASS" signature="enterURL()[pri:0, instance:com.Features.TestNG.TestNGAnnotationsOrder$TestNGBasics@548a9f61]" name="enterURL" is-config="true" duration-ms="0" started-at="2019-08-07T22:42:38Z" finished-at="2019-08-07T22:42:38Z">
          <reporter-output>
          </reporter-output>
        </test-method> <!-- enterURL -->
        <test-method status="PASS" signature="logOut()[pri:0, instance:com.Features.TestNG.TestNGAnnotationsOrder$TestNGBasics@548a9f61]" name="logOut" is-config="true" duration-ms="1" started-at="2019-08-07T22:42:38Z" finished-at="2019-08-07T22:42:38Z">
          <reporter-output>
          </reporter-output>
        </test-method> <!-- logOut -->
        <test-method status="PASS" signature="closeBrowser()[pri:0, instance:com.Features.TestNG.TestNGAnnotationsOrder$TestNGBasics@548a9f61]" name="closeBrowser" is-config="true" duration-ms="0" started-at="2019-08-07T22:42:38Z" finished-at="2019-08-07T22:42:38Z">
          <reporter-output>
          </reporter-output>
        </test-method> <!-- closeBrowser -->
        <test-method status="PASS" signature="deleteAllCookies()[pri:0, instance:com.Features.TestNG.TestNGAnnotationsOrder$TestNGBasics@548a9f61]" name="deleteAllCookies" is-config="true" duration-ms="2" started-at="2019-08-07T22:42:38Z" finished-at="2019-08-07T22:42:38Z">
          <reporter-output>
          </reporter-output>
        </test-method> <!-- deleteAllCookies -->
        <test-method status="PASS" signature="generateTestReport()[pri:0, instance:com.Features.TestNG.TestNGAnnotationsOrder$TestNGBasics@548a9f61]" name="generateTestReport" is-config="true" duration-ms="1" started-at="2019-08-07T22:42:38Z" finished-at="2019-08-07T22:42:38Z">
          <reporter-output>
          </reporter-output>
        </test-method> <!-- generateTestReport -->
      </class> <!-- com.Features.TestNG.TestNGAnnotationsOrder$TestNGBasics -->
    </test> <!-- Default test -->
  </suite> <!-- Default suite -->
</testng-results>
